2023-03-16 15:47:43.481 [main] INFO  org.example.Calculator - [MULTIPLY] - 10.0, 10.0
2023-03-16 15:47:43.484 [main] INFO  org.example.Calculator - [RESULT - MULTIPLY] - 100.0
2023-03-16 15:47:57.423 [main] INFO  org.example.Calculator - [DIVIDE] - 0.0, 0.0
2023-03-16 15:47:57.423 [main] INFO  org.example.Calculator - [RESULT - DIVIDE] - NaN
2023-03-19 19:01:28.084 [main] INFO  org.example.Calculator - [SUM] - 10.0, 20.0
2023-03-19 19:01:28.086 [main] INFO  org.example.Calculator - [RESULT - SUM] - 30.0
2023-03-19 19:01:40.012 [main] INFO  org.example.Calculator - [FACTORIAL] - 10.0
2023-03-19 19:01:40.012 [main] INFO  org.example.Calculator - [RESULT - FACTORIAL] - 3628800.0
2023-03-19 19:34:14.111 [main] INFO  org.example.Calculator - [SUM] - 10.0, 20.0
2023-03-19 19:34:14.113 [main] INFO  org.example.Calculator - [RESULT - SUM] - 30.0
2023-03-19 19:34:36.481 [main] INFO  org.example.Calculator - [FACTORIAL] - 10.0
2023-03-19 19:34:36.481 [main] INFO  org.example.Calculator - [RESULT - FACTORIAL] - 3628800.0
2023-03-19 19:34:45.272 [main] INFO  org.example.Calculator - [FACTORIAL] - -1.0
2023-03-19 19:34:45.272 [main] INFO  org.example.Calculator - [RESULT - FACTORIAL] - 1.0
2023-03-19 19:35:40.011 [main] INFO  org.example.Calculator - [FACTORIAL] - 0.0
2023-03-19 19:35:40.013 [main] INFO  org.example.Calculator - [RESULT - FACTORIAL] - 1.0
2023-03-19 19:35:49.313 [main] INFO  org.example.Calculator - [FACTORIAL] - -10.0
2023-03-19 19:35:49.313 [main] INFO  org.example.Calculator - [RESULT - FACTORIAL] - 1.0
2023-03-19 19:43:23.100 [main] INFO  org.example.Calculator - [FACTORIAL] - -5.0
2023-03-19 19:43:23.103 [main] INFO  org.example.Calculator - [RESULT - FACTORIAL] - NaN
2023-03-19 19:44:48.817 [main] INFO  org.example.Calculator - [FACTORIAL] - 0.0
2023-03-19 19:44:48.817 [main] INFO  org.example.Calculator - [RESULT - FACTORIAL] - 1.0
2023-03-19 19:44:58.065 [main] INFO  org.example.Calculator - [FACTORIAL] - -10.0
2023-03-19 19:44:58.065 [main] INFO  org.example.Calculator - [RESULT - FACTORIAL] - NaN
2023-03-19 19:45:18.761 [main] INFO  org.example.Calculator - [SQ ROOT] - 6.0
2023-03-19 19:45:18.761 [main] INFO  org.example.Calculator - [RESULT - SQ ROOT] - 2.449489742783178
2023-03-19 19:45:32.976 [main] INFO  org.example.Calculator - [SQ ROOT] - -8.0
2023-03-19 19:45:32.977 [main] INFO  org.example.Calculator - [RESULT - SQ ROOT] - NaN
2023-03-19 19:45:49.696 [main] INFO  org.example.Calculator - [SQ ROOT] - 16.0
2023-03-19 19:45:49.697 [main] INFO  org.example.Calculator - [RESULT - SQ ROOT] - 4.0
2023-03-19 19:46:13.661 [main] INFO  org.example.Calculator - [POWER - 10.0 RAISED TO] 2.0
2023-03-19 19:46:13.662 [main] INFO  org.example.Calculator - [RESULT - POWER] - 100.0
2023-03-19 19:46:28.760 [main] INFO  org.example.Calculator - [POWER - 10.0 RAISED TO] -2.0
2023-03-19 19:46:28.760 [main] INFO  org.example.Calculator - [RESULT - POWER] - 0.01
2023-03-19 19:46:39.904 [main] INFO  org.example.Calculator - [NATURAL LOG] - 10.0
2023-03-19 19:46:39.905 [main] INFO  org.example.Calculator - [RESULT - NATURAL LOG] - 2.302585092994046
2023-03-19 19:47:54.980 [main] INFO  org.example.Calculator - [NATURAL LOG] - 10.0
2023-03-19 19:47:54.981 [main] INFO  org.example.Calculator - [RESULT - NATURAL LOG] - 1.0
2023-03-19 19:48:01.736 [main] INFO  org.example.Calculator - [NATURAL LOG] - -10.0
2023-03-19 19:48:01.737 [main] INFO  org.example.Calculator - [RESULT - NATURAL LOG] - NaN
2023-03-19 19:56:08.867 [main] INFO  org.example.Calculator - [SQ ROOT] - 16.0
2023-03-19 19:56:08.869 [main] INFO  org.example.Calculator - [RESULT - SQ ROOT] - 4.0
2023-03-19 19:56:08.869 [main] INFO  org.example.Calculator - [SQ ROOT] - 1.0
2023-03-19 19:56:08.869 [main] INFO  org.example.Calculator - [RESULT - SQ ROOT] - 1.0
2023-03-19 19:56:08.869 [main] INFO  org.example.Calculator - [SQ ROOT] - 81.0
2023-03-19 19:56:08.869 [main] INFO  org.example.Calculator - [RESULT - SQ ROOT] - 9.0
2023-03-19 19:56:08.869 [main] INFO  org.example.Calculator - [SQ ROOT] - 36.0
2023-03-19 19:56:08.870 [main] INFO  org.example.Calculator - [RESULT - SQ ROOT] - 6.0
2023-03-19 19:56:08.876 [main] INFO  org.example.Calculator - [SUM] - 5.0, 5.0
2023-03-19 19:56:08.876 [main] INFO  org.example.Calculator - [RESULT - SUM] - 10.0
2023-03-19 19:56:08.876 [main] INFO  org.example.Calculator - [SUM] - 13.0, 12.0
2023-03-19 19:56:08.876 [main] INFO  org.example.Calculator - [RESULT - SUM] - 25.0
2023-03-19 19:56:08.877 [main] INFO  org.example.Calculator - [SQ ROOT] - 3.0
2023-03-19 19:56:08.877 [main] INFO  org.example.Calculator - [RESULT - SQ ROOT] - 1.7320508075688772
2023-03-19 19:56:08.877 [main] INFO  org.example.Calculator - [SQ ROOT] - 4.0
2023-03-19 19:56:08.877 [main] INFO  org.example.Calculator - [RESULT - SQ ROOT] - 2.0
2023-03-19 19:56:08.877 [main] INFO  org.example.Calculator - [SQ ROOT] - 81.0
2023-03-19 19:56:08.878 [main] INFO  org.example.Calculator - [RESULT - SQ ROOT] - 9.0
2023-03-19 19:56:08.878 [main] INFO  org.example.Calculator - [SQ ROOT] - 36.0
2023-03-19 19:56:08.878 [main] INFO  org.example.Calculator - [RESULT - SQ ROOT] - 6.0
2023-03-19 19:56:08.879 [main] INFO  org.example.Calculator - [MULTIPLY] - 5.0, 2.0
2023-03-19 19:56:08.879 [main] INFO  org.example.Calculator - [RESULT - MULTIPLY] - 10.0
2023-03-19 19:56:08.879 [main] INFO  org.example.Calculator - [MULTIPLY] - 10.0, 12.0
2023-03-19 19:56:08.880 [main] INFO  org.example.Calculator - [RESULT - MULTIPLY] - 120.0
2023-03-19 19:56:08.880 [main] INFO  org.example.Calculator - [SUBTRACT] - 5.0, 5.0
2023-03-19 19:56:08.881 [main] INFO  org.example.Calculator - [RESULT - DIFFERENCE] - 0.0
2023-03-19 19:56:08.881 [main] INFO  org.example.Calculator - [SUBTRACT] - 13.0, 12.0
2023-03-19 19:56:08.881 [main] INFO  org.example.Calculator - [RESULT - DIFFERENCE] - 1.0
2023-03-19 19:56:08.881 [main] INFO  org.example.Calculator - [NATURAL LOG] - 1.0
2023-03-19 19:56:08.882 [main] INFO  org.example.Calculator - [RESULT - NATURAL LOG] - 0.0
2023-03-19 19:56:08.883 [main] INFO  org.example.Calculator - [MULTIPLY] - 5.0, 5.0
2023-03-19 19:56:08.883 [main] INFO  org.example.Calculator - [RESULT - MULTIPLY] - 25.0
2023-03-19 19:56:08.883 [main] INFO  org.example.Calculator - [MULTIPLY] - 3.0, 12.0
2023-03-19 19:56:08.883 [main] INFO  org.example.Calculator - [RESULT - MULTIPLY] - 36.0
2023-03-19 19:56:08.884 [main] INFO  org.example.Calculator - [SUM] - 5.0, 2.0
2023-03-19 19:56:08.884 [main] INFO  org.example.Calculator - [RESULT - SUM] - 7.0
2023-03-19 19:56:08.884 [main] INFO  org.example.Calculator - [SUM] - 10.0, 12.0
2023-03-19 19:56:08.884 [main] INFO  org.example.Calculator - [RESULT - SUM] - 22.0
2023-03-19 19:56:08.885 [main] INFO  org.example.Calculator - [SUBTRACT] - 5.0, 2.0
2023-03-19 19:56:08.885 [main] INFO  org.example.Calculator - [RESULT - DIFFERENCE] - 3.0
2023-03-19 19:56:08.885 [main] INFO  org.example.Calculator - [SUBTRACT] - 12.0, 10.0
2023-03-19 19:56:08.885 [main] INFO  org.example.Calculator - [RESULT - DIFFERENCE] - 2.0
2023-03-19 19:56:08.886 [main] INFO  org.example.Calculator - [DIVIDE] - 5.0, 5.0
2023-03-19 19:56:08.886 [main] INFO  org.example.Calculator - [RESULT - DIVIDE] - 1.0
2023-03-19 19:56:08.887 [main] INFO  org.example.Calculator - [DIVIDE] - 12.0, 3.0
2023-03-19 19:56:08.887 [main] INFO  org.example.Calculator - [RESULT - DIVIDE] - 4.0
2023-03-19 19:56:08.887 [main] INFO  org.example.Calculator - [POWER - 2.0 RAISED TO] 3.0
2023-03-19 19:56:08.887 [main] INFO  org.example.Calculator - [RESULT - POWER] - 8.0
2023-03-19 19:56:08.888 [main] INFO  org.example.Calculator - [POWER - 3.0 RAISED TO] 3.0
2023-03-19 19:56:08.888 [main] INFO  org.example.Calculator - [RESULT - POWER] - 27.0
2023-03-19 19:56:08.888 [main] INFO  org.example.Calculator - [POWER - 4.0 RAISED TO] 3.0
2023-03-19 19:56:08.888 [main] INFO  org.example.Calculator - [RESULT - POWER] - 64.0
2023-03-19 19:56:08.888 [main] INFO  org.example.Calculator - [POWER - 5.0 RAISED TO] 3.0
2023-03-19 19:56:08.888 [main] INFO  org.example.Calculator - [RESULT - POWER] - 125.0
2023-03-19 19:56:08.889 [main] INFO  org.example.Calculator - [DIVIDE] - 5.0, 1.0
2023-03-19 19:56:08.889 [main] INFO  org.example.Calculator - [RESULT - DIVIDE] - 5.0
2023-03-19 19:56:08.889 [main] INFO  org.example.Calculator - [DIVIDE] - 120.0, 12.0
2023-03-19 19:56:08.889 [main] INFO  org.example.Calculator - [RESULT - DIVIDE] - 10.0
2023-03-19 19:56:08.889 [main] INFO  org.example.Calculator - [POWER - 2.0 RAISED TO] 3.0
2023-03-19 19:56:08.889 [main] INFO  org.example.Calculator - [RESULT - POWER] - 8.0
2023-03-19 19:56:08.889 [main] INFO  org.example.Calculator - [POWER - 1.0 RAISED TO] 3.0
2023-03-19 19:56:08.890 [main] INFO  org.example.Calculator - [RESULT - POWER] - 1.0
2023-03-19 19:56:08.890 [main] INFO  org.example.Calculator - [POWER - 3.0 RAISED TO] 4.0
2023-03-19 19:56:08.890 [main] INFO  org.example.Calculator - [RESULT - POWER] - 81.0
2023-03-19 19:56:08.891 [main] INFO  org.example.Calculator - [POWER - 4.0 RAISED TO] 3.0
2023-03-19 19:56:08.891 [main] INFO  org.example.Calculator - [RESULT - POWER] - 64.0
2023-03-19 19:56:08.891 [main] INFO  org.example.Calculator - [POWER - 5.0 RAISED TO] 2.0
2023-03-19 19:56:08.891 [main] INFO  org.example.Calculator - [RESULT - POWER] - 25.0
2023-03-19 19:56:08.892 [main] INFO  org.example.Calculator - [NATURAL LOG] - 2.4
2023-03-19 19:56:08.892 [main] INFO  org.example.Calculator - [RESULT - NATURAL LOG] - 0.38021124171160603
2023-03-19 19:56:08.892 [main] INFO  org.example.Calculator - [NATURAL LOG] - 2.1
2023-03-19 19:56:08.893 [main] INFO  org.example.Calculator - [RESULT - NATURAL LOG] - 0.3222192947339193
2023-03-19 19:56:08.894 [main] INFO  org.example.Calculator - [DIVIDE] - 4.0, 0.0
2023-03-19 19:56:08.894 [main] INFO  org.example.Calculator - [RESULT - DIVIDE] - Infinity
2023-03-19 19:57:05.000 [main] INFO  org.example.Calculator - [SQ ROOT] - 16.0
2023-03-19 19:57:05.002 [main] INFO  org.example.Calculator - [RESULT - SQ ROOT] - 4.0
2023-03-19 19:57:05.002 [main] INFO  org.example.Calculator - [SQ ROOT] - 1.0
2023-03-19 19:57:05.002 [main] INFO  org.example.Calculator - [RESULT - SQ ROOT] - 1.0
2023-03-19 19:57:05.002 [main] INFO  org.example.Calculator - [SQ ROOT] - 81.0
2023-03-19 19:57:05.002 [main] INFO  org.example.Calculator - [RESULT - SQ ROOT] - 9.0
2023-03-19 19:57:05.002 [main] INFO  org.example.Calculator - [SQ ROOT] - 36.0
2023-03-19 19:57:05.002 [main] INFO  org.example.Calculator - [RESULT - SQ ROOT] - 6.0
2023-03-19 19:57:05.009 [main] INFO  org.example.Calculator - [SUM] - 5.0, 5.0
2023-03-19 19:57:05.010 [main] INFO  org.example.Calculator - [RESULT - SUM] - 10.0
2023-03-19 19:57:05.010 [main] INFO  org.example.Calculator - [SUM] - 13.0, 12.0
2023-03-19 19:57:05.010 [main] INFO  org.example.Calculator - [RESULT - SUM] - 25.0
2023-03-19 19:57:05.010 [main] INFO  org.example.Calculator - [SQ ROOT] - 3.0
2023-03-19 19:57:05.011 [main] INFO  org.example.Calculator - [RESULT - SQ ROOT] - 1.7320508075688772
2023-03-19 19:57:05.011 [main] INFO  org.example.Calculator - [SQ ROOT] - 4.0
2023-03-19 19:57:05.011 [main] INFO  org.example.Calculator - [RESULT - SQ ROOT] - 2.0
2023-03-19 19:57:05.011 [main] INFO  org.example.Calculator - [SQ ROOT] - 81.0
2023-03-19 19:57:05.011 [main] INFO  org.example.Calculator - [RESULT - SQ ROOT] - 9.0
2023-03-19 19:57:05.011 [main] INFO  org.example.Calculator - [SQ ROOT] - 36.0
2023-03-19 19:57:05.011 [main] INFO  org.example.Calculator - [RESULT - SQ ROOT] - 6.0
2023-03-19 19:57:05.012 [main] INFO  org.example.Calculator - [MULTIPLY] - 5.0, 2.0
2023-03-19 19:57:05.012 [main] INFO  org.example.Calculator - [RESULT - MULTIPLY] - 10.0
2023-03-19 19:57:05.013 [main] INFO  org.example.Calculator - [MULTIPLY] - 10.0, 12.0
2023-03-19 19:57:05.013 [main] INFO  org.example.Calculator - [RESULT - MULTIPLY] - 120.0
2023-03-19 19:57:05.014 [main] INFO  org.example.Calculator - [SUBTRACT] - 5.0, 5.0
2023-03-19 19:57:05.014 [main] INFO  org.example.Calculator - [RESULT - DIFFERENCE] - 0.0
2023-03-19 19:57:05.014 [main] INFO  org.example.Calculator - [SUBTRACT] - 13.0, 12.0
2023-03-19 19:57:05.014 [main] INFO  org.example.Calculator - [RESULT - DIFFERENCE] - 1.0
2023-03-19 19:57:05.015 [main] INFO  org.example.Calculator - [NATURAL LOG] - 1.0
2023-03-19 19:57:05.015 [main] INFO  org.example.Calculator - [RESULT - NATURAL LOG] - 0.0
2023-03-19 19:57:05.016 [main] INFO  org.example.Calculator - [MULTIPLY] - 5.0, 5.0
2023-03-19 19:57:05.016 [main] INFO  org.example.Calculator - [RESULT - MULTIPLY] - 25.0
2023-03-19 19:57:05.016 [main] INFO  org.example.Calculator - [MULTIPLY] - 3.0, 12.0
2023-03-19 19:57:05.016 [main] INFO  org.example.Calculator - [RESULT - MULTIPLY] - 36.0
2023-03-19 19:57:05.017 [main] INFO  org.example.Calculator - [SUM] - 5.0, 2.0
2023-03-19 19:57:05.017 [main] INFO  org.example.Calculator - [RESULT - SUM] - 7.0
2023-03-19 19:57:05.017 [main] INFO  org.example.Calculator - [SUM] - 10.0, 12.0
2023-03-19 19:57:05.018 [main] INFO  org.example.Calculator - [RESULT - SUM] - 22.0
2023-03-19 19:57:05.018 [main] INFO  org.example.Calculator - [SUBTRACT] - 5.0, 2.0
2023-03-19 19:57:05.018 [main] INFO  org.example.Calculator - [RESULT - DIFFERENCE] - 3.0
2023-03-19 19:57:05.019 [main] INFO  org.example.Calculator - [SUBTRACT] - 12.0, 10.0
2023-03-19 19:57:05.019 [main] INFO  org.example.Calculator - [RESULT - DIFFERENCE] - 2.0
2023-03-19 19:57:05.020 [main] INFO  org.example.Calculator - [DIVIDE] - 5.0, 5.0
2023-03-19 19:57:05.021 [main] INFO  org.example.Calculator - [RESULT - DIVIDE] - 1.0
2023-03-19 19:57:05.021 [main] INFO  org.example.Calculator - [DIVIDE] - 12.0, 3.0
2023-03-19 19:57:05.022 [main] INFO  org.example.Calculator - [RESULT - DIVIDE] - 4.0
2023-03-19 19:57:05.023 [main] INFO  org.example.Calculator - [POWER - 2.0 RAISED TO] 3.0
2023-03-19 19:57:05.023 [main] INFO  org.example.Calculator - [RESULT - POWER] - 8.0
2023-03-19 19:57:05.023 [main] INFO  org.example.Calculator - [POWER - 3.0 RAISED TO] 3.0
2023-03-19 19:57:05.023 [main] INFO  org.example.Calculator - [RESULT - POWER] - 27.0
2023-03-19 19:57:05.024 [main] INFO  org.example.Calculator - [POWER - 4.0 RAISED TO] 3.0
2023-03-19 19:57:05.024 [main] INFO  org.example.Calculator - [RESULT - POWER] - 64.0
2023-03-19 19:57:05.024 [main] INFO  org.example.Calculator - [POWER - 5.0 RAISED TO] 3.0
2023-03-19 19:57:05.024 [main] INFO  org.example.Calculator - [RESULT - POWER] - 125.0
2023-03-19 19:57:05.025 [main] INFO  org.example.Calculator - [DIVIDE] - 5.0, 1.0
2023-03-19 19:57:05.025 [main] INFO  org.example.Calculator - [RESULT - DIVIDE] - 5.0
2023-03-19 19:57:05.025 [main] INFO  org.example.Calculator - [DIVIDE] - 120.0, 12.0
2023-03-19 19:57:05.025 [main] INFO  org.example.Calculator - [RESULT - DIVIDE] - 10.0
2023-03-19 19:57:05.026 [main] INFO  org.example.Calculator - [POWER - 2.0 RAISED TO] 3.0
2023-03-19 19:57:05.026 [main] INFO  org.example.Calculator - [RESULT - POWER] - 8.0
2023-03-19 19:57:05.026 [main] INFO  org.example.Calculator - [POWER - 1.0 RAISED TO] 3.0
2023-03-19 19:57:05.026 [main] INFO  org.example.Calculator - [RESULT - POWER] - 1.0
2023-03-19 19:57:05.026 [main] INFO  org.example.Calculator - [POWER - 3.0 RAISED TO] 4.0
2023-03-19 19:57:05.027 [main] INFO  org.example.Calculator - [RESULT - POWER] - 81.0
2023-03-19 19:57:05.027 [main] INFO  org.example.Calculator - [POWER - 4.0 RAISED TO] 3.0
2023-03-19 19:57:05.027 [main] INFO  org.example.Calculator - [RESULT - POWER] - 64.0
2023-03-19 19:57:05.027 [main] INFO  org.example.Calculator - [POWER - 5.0 RAISED TO] 2.0
2023-03-19 19:57:05.027 [main] INFO  org.example.Calculator - [RESULT - POWER] - 25.0
2023-03-19 19:57:05.028 [main] INFO  org.example.Calculator - [NATURAL LOG] - 2.4
2023-03-19 19:57:05.028 [main] INFO  org.example.Calculator - [RESULT - NATURAL LOG] - 0.38021124171160603
2023-03-19 19:57:05.028 [main] INFO  org.example.Calculator - [NATURAL LOG] - 2.1
2023-03-19 19:57:05.028 [main] INFO  org.example.Calculator - [RESULT - NATURAL LOG] - 0.3222192947339193
2023-03-19 19:57:05.030 [main] INFO  org.example.Calculator - [DIVIDE] - 4.0, 0.0
2023-03-19 19:57:05.030 [main] INFO  org.example.Calculator - [RESULT - DIVIDE] - Infinity
2023-03-19 23:45:57.682 [main] INFO  org.example.Calculator - [SQ ROOT] - 16.0
2023-03-19 23:45:57.684 [main] INFO  org.example.Calculator - [RESULT - SQ ROOT] - 4.0
2023-03-19 23:45:57.684 [main] INFO  org.example.Calculator - [SQ ROOT] - 1.0
2023-03-19 23:45:57.684 [main] INFO  org.example.Calculator - [RESULT - SQ ROOT] - 1.0
2023-03-19 23:45:57.684 [main] INFO  org.example.Calculator - [SQ ROOT] - 81.0
2023-03-19 23:45:57.684 [main] INFO  org.example.Calculator - [RESULT - SQ ROOT] - 9.0
2023-03-19 23:45:57.684 [main] INFO  org.example.Calculator - [SQ ROOT] - 36.0
2023-03-19 23:45:57.684 [main] INFO  org.example.Calculator - [RESULT - SQ ROOT] - 6.0
2023-03-19 23:45:57.689 [main] INFO  org.example.Calculator - [SUM] - 5.0, 5.0
2023-03-19 23:45:57.689 [main] INFO  org.example.Calculator - [RESULT - SUM] - 10.0
2023-03-19 23:45:57.690 [main] INFO  org.example.Calculator - [SUM] - 13.0, 12.0
2023-03-19 23:45:57.690 [main] INFO  org.example.Calculator - [RESULT - SUM] - 25.0
2023-03-19 23:45:57.690 [main] INFO  org.example.Calculator - [SQ ROOT] - 3.0
2023-03-19 23:45:57.690 [main] INFO  org.example.Calculator - [RESULT - SQ ROOT] - 1.7320508075688772
2023-03-19 23:45:57.691 [main] INFO  org.example.Calculator - [SQ ROOT] - 4.0
2023-03-19 23:45:57.691 [main] INFO  org.example.Calculator - [RESULT - SQ ROOT] - 2.0
2023-03-19 23:45:57.691 [main] INFO  org.example.Calculator - [SQ ROOT] - 81.0
2023-03-19 23:45:57.691 [main] INFO  org.example.Calculator - [RESULT - SQ ROOT] - 9.0
2023-03-19 23:45:57.691 [main] INFO  org.example.Calculator - [SQ ROOT] - 36.0
2023-03-19 23:45:57.691 [main] INFO  org.example.Calculator - [RESULT - SQ ROOT] - 6.0
2023-03-19 23:45:57.691 [main] INFO  org.example.Calculator - [MULTIPLY] - 5.0, 2.0
2023-03-19 23:45:57.692 [main] INFO  org.example.Calculator - [RESULT - MULTIPLY] - 10.0
2023-03-19 23:45:57.692 [main] INFO  org.example.Calculator - [MULTIPLY] - 10.0, 12.0
2023-03-19 23:45:57.692 [main] INFO  org.example.Calculator - [RESULT - MULTIPLY] - 120.0
2023-03-19 23:45:57.692 [main] INFO  org.example.Calculator - [SUBTRACT] - 5.0, 5.0
2023-03-19 23:45:57.693 [main] INFO  org.example.Calculator - [RESULT - DIFFERENCE] - 0.0
2023-03-19 23:45:57.693 [main] INFO  org.example.Calculator - [SUBTRACT] - 13.0, 12.0
2023-03-19 23:45:57.693 [main] INFO  org.example.Calculator - [RESULT - DIFFERENCE] - 1.0
2023-03-19 23:45:57.693 [main] INFO  org.example.Calculator - [NATURAL LOG] - 1.0
2023-03-19 23:45:57.693 [main] INFO  org.example.Calculator - [RESULT - NATURAL LOG] - 0.0
2023-03-19 23:45:57.694 [main] INFO  org.example.Calculator - [MULTIPLY] - 5.0, 5.0
2023-03-19 23:45:57.694 [main] INFO  org.example.Calculator - [RESULT - MULTIPLY] - 25.0
2023-03-19 23:45:57.694 [main] INFO  org.example.Calculator - [MULTIPLY] - 3.0, 12.0
2023-03-19 23:45:57.694 [main] INFO  org.example.Calculator - [RESULT - MULTIPLY] - 36.0
2023-03-19 23:45:57.694 [main] INFO  org.example.Calculator - [SUM] - 5.0, 2.0
2023-03-19 23:45:57.695 [main] INFO  org.example.Calculator - [RESULT - SUM] - 7.0
2023-03-19 23:45:57.695 [main] INFO  org.example.Calculator - [SUM] - 10.0, 12.0
2023-03-19 23:45:57.695 [main] INFO  org.example.Calculator - [RESULT - SUM] - 22.0
2023-03-19 23:45:57.695 [main] INFO  org.example.Calculator - [SUBTRACT] - 5.0, 2.0
2023-03-19 23:45:57.695 [main] INFO  org.example.Calculator - [RESULT - DIFFERENCE] - 3.0
2023-03-19 23:45:57.695 [main] INFO  org.example.Calculator - [SUBTRACT] - 12.0, 10.0
2023-03-19 23:45:57.695 [main] INFO  org.example.Calculator - [RESULT - DIFFERENCE] - 2.0
2023-03-19 23:45:57.696 [main] INFO  org.example.Calculator - [DIVIDE] - 5.0, 5.0
2023-03-19 23:45:57.696 [main] INFO  org.example.Calculator - [RESULT - DIVIDE] - 1.0
2023-03-19 23:45:57.696 [main] INFO  org.example.Calculator - [DIVIDE] - 12.0, 3.0
2023-03-19 23:45:57.696 [main] INFO  org.example.Calculator - [RESULT - DIVIDE] - 4.0
2023-03-19 23:45:57.697 [main] INFO  org.example.Calculator - [POWER - 2.0 RAISED TO] 3.0
2023-03-19 23:45:57.697 [main] INFO  org.example.Calculator - [RESULT - POWER] - 8.0
2023-03-19 23:45:57.697 [main] INFO  org.example.Calculator - [POWER - 3.0 RAISED TO] 3.0
2023-03-19 23:45:57.697 [main] INFO  org.example.Calculator - [RESULT - POWER] - 27.0
2023-03-19 23:45:57.697 [main] INFO  org.example.Calculator - [POWER - 4.0 RAISED TO] 3.0
2023-03-19 23:45:57.697 [main] INFO  org.example.Calculator - [RESULT - POWER] - 64.0
2023-03-19 23:45:57.697 [main] INFO  org.example.Calculator - [POWER - 5.0 RAISED TO] 3.0
2023-03-19 23:45:57.697 [main] INFO  org.example.Calculator - [RESULT - POWER] - 125.0
2023-03-19 23:45:57.698 [main] INFO  org.example.Calculator - [DIVIDE] - 5.0, 1.0
2023-03-19 23:45:57.698 [main] INFO  org.example.Calculator - [RESULT - DIVIDE] - 5.0
2023-03-19 23:45:57.698 [main] INFO  org.example.Calculator - [DIVIDE] - 120.0, 12.0
2023-03-19 23:45:57.698 [main] INFO  org.example.Calculator - [RESULT - DIVIDE] - 10.0
2023-03-19 23:45:57.698 [main] INFO  org.example.Calculator - [POWER - 2.0 RAISED TO] 3.0
2023-03-19 23:45:57.698 [main] INFO  org.example.Calculator - [RESULT - POWER] - 8.0
2023-03-19 23:45:57.699 [main] INFO  org.example.Calculator - [POWER - 1.0 RAISED TO] 3.0
2023-03-19 23:45:57.699 [main] INFO  org.example.Calculator - [RESULT - POWER] - 1.0
2023-03-19 23:45:57.699 [main] INFO  org.example.Calculator - [POWER - 3.0 RAISED TO] 4.0
2023-03-19 23:45:57.699 [main] INFO  org.example.Calculator - [RESULT - POWER] - 81.0
2023-03-19 23:45:57.699 [main] INFO  org.example.Calculator - [POWER - 4.0 RAISED TO] 3.0
2023-03-19 23:45:57.699 [main] INFO  org.example.Calculator - [RESULT - POWER] - 64.0
2023-03-19 23:45:57.699 [main] INFO  org.example.Calculator - [POWER - 5.0 RAISED TO] 2.0
2023-03-19 23:45:57.699 [main] INFO  org.example.Calculator - [RESULT - POWER] - 25.0
2023-03-19 23:45:57.699 [main] INFO  org.example.Calculator - [NATURAL LOG] - 2.4
2023-03-19 23:45:57.699 [main] INFO  org.example.Calculator - [RESULT - NATURAL LOG] - 0.38021124171160603
2023-03-19 23:45:57.699 [main] INFO  org.example.Calculator - [NATURAL LOG] - 2.1
2023-03-19 23:45:57.700 [main] INFO  org.example.Calculator - [RESULT - NATURAL LOG] - 0.3222192947339193
2023-03-19 23:45:57.701 [main] INFO  org.example.Calculator - [DIVIDE] - 4.0, 0.0
2023-03-19 23:45:57.701 [main] INFO  org.example.Calculator - [RESULT - DIVIDE] - Infinity
2023-03-19 23:49:46.419 [main] INFO  org.example.Calculator - [SUM] - 10.0, 20.0
2023-03-19 23:49:46.421 [main] INFO  org.example.Calculator - [RESULT - SUM] - 30.0
2023-03-19 23:52:53.533 [main] INFO  org.example.Calculator - [SQ ROOT] - 16.0
2023-03-19 23:52:53.535 [main] INFO  org.example.Calculator - [RESULT - SQ ROOT] - 4.0
2023-03-19 23:52:53.535 [main] INFO  org.example.Calculator - [SQ ROOT] - 1.0
2023-03-19 23:52:53.535 [main] INFO  org.example.Calculator - [RESULT - SQ ROOT] - 1.0
2023-03-19 23:52:53.535 [main] INFO  org.example.Calculator - [SQ ROOT] - 81.0
2023-03-19 23:52:53.535 [main] INFO  org.example.Calculator - [RESULT - SQ ROOT] - 9.0
2023-03-19 23:52:53.535 [main] INFO  org.example.Calculator - [SQ ROOT] - 36.0
2023-03-19 23:52:53.535 [main] INFO  org.example.Calculator - [RESULT - SQ ROOT] - 6.0
2023-03-19 23:52:53.540 [main] INFO  org.example.Calculator - [SUM] - 5.0, 5.0
2023-03-19 23:52:53.541 [main] INFO  org.example.Calculator - [RESULT - SUM] - 10.0
2023-03-19 23:52:53.541 [main] INFO  org.example.Calculator - [SUM] - 13.0, 12.0
2023-03-19 23:52:53.541 [main] INFO  org.example.Calculator - [RESULT - SUM] - 25.0
2023-03-19 23:52:53.541 [main] INFO  org.example.Calculator - [SQ ROOT] - 3.0
2023-03-19 23:52:53.541 [main] INFO  org.example.Calculator - [RESULT - SQ ROOT] - 1.7320508075688772
2023-03-19 23:52:53.542 [main] INFO  org.example.Calculator - [SQ ROOT] - 4.0
2023-03-19 23:52:53.542 [main] INFO  org.example.Calculator - [RESULT - SQ ROOT] - 2.0
2023-03-19 23:52:53.542 [main] INFO  org.example.Calculator - [SQ ROOT] - 81.0
2023-03-19 23:52:53.542 [main] INFO  org.example.Calculator - [RESULT - SQ ROOT] - 9.0
2023-03-19 23:52:53.542 [main] INFO  org.example.Calculator - [SQ ROOT] - 36.0
2023-03-19 23:52:53.542 [main] INFO  org.example.Calculator - [RESULT - SQ ROOT] - 6.0
2023-03-19 23:52:53.542 [main] INFO  org.example.Calculator - [MULTIPLY] - 5.0, 2.0
2023-03-19 23:52:53.543 [main] INFO  org.example.Calculator - [RESULT - MULTIPLY] - 10.0
2023-03-19 23:52:53.543 [main] INFO  org.example.Calculator - [MULTIPLY] - 10.0, 12.0
2023-03-19 23:52:53.543 [main] INFO  org.example.Calculator - [RESULT - MULTIPLY] - 120.0
2023-03-19 23:52:53.543 [main] INFO  org.example.Calculator - [SUBTRACT] - 5.0, 5.0
2023-03-19 23:52:53.544 [main] INFO  org.example.Calculator - [RESULT - DIFFERENCE] - 0.0
2023-03-19 23:52:53.544 [main] INFO  org.example.Calculator - [SUBTRACT] - 13.0, 12.0
2023-03-19 23:52:53.544 [main] INFO  org.example.Calculator - [RESULT - DIFFERENCE] - 1.0
2023-03-19 23:52:53.544 [main] INFO  org.example.Calculator - [NATURAL LOG] - 1.0
2023-03-19 23:52:53.545 [main] INFO  org.example.Calculator - [RESULT - NATURAL LOG] - 0.0
2023-03-19 23:52:53.545 [main] INFO  org.example.Calculator - [MULTIPLY] - 5.0, 5.0
2023-03-19 23:52:53.545 [main] INFO  org.example.Calculator - [RESULT - MULTIPLY] - 25.0
2023-03-19 23:52:53.545 [main] INFO  org.example.Calculator - [MULTIPLY] - 3.0, 12.0
2023-03-19 23:52:53.545 [main] INFO  org.example.Calculator - [RESULT - MULTIPLY] - 36.0
2023-03-19 23:52:53.546 [main] INFO  org.example.Calculator - [SUM] - 5.0, 2.0
2023-03-19 23:52:53.546 [main] INFO  org.example.Calculator - [RESULT - SUM] - 7.0
2023-03-19 23:52:53.546 [main] INFO  org.example.Calculator - [SUM] - 10.0, 12.0
2023-03-19 23:52:53.546 [main] INFO  org.example.Calculator - [RESULT - SUM] - 22.0
2023-03-19 23:52:53.546 [main] INFO  org.example.Calculator - [SUBTRACT] - 5.0, 2.0
2023-03-19 23:52:53.546 [main] INFO  org.example.Calculator - [RESULT - DIFFERENCE] - 3.0
2023-03-19 23:52:53.546 [main] INFO  org.example.Calculator - [SUBTRACT] - 12.0, 10.0
2023-03-19 23:52:53.546 [main] INFO  org.example.Calculator - [RESULT - DIFFERENCE] - 2.0
2023-03-19 23:52:53.547 [main] INFO  org.example.Calculator - [DIVIDE] - 5.0, 5.0
2023-03-19 23:52:53.547 [main] INFO  org.example.Calculator - [RESULT - DIVIDE] - 1.0
2023-03-19 23:52:53.547 [main] INFO  org.example.Calculator - [DIVIDE] - 12.0, 3.0
2023-03-19 23:52:53.548 [main] INFO  org.example.Calculator - [RESULT - DIVIDE] - 4.0
2023-03-19 23:52:53.548 [main] INFO  org.example.Calculator - [POWER - 2.0 RAISED TO] 3.0
2023-03-19 23:52:53.548 [main] INFO  org.example.Calculator - [RESULT - POWER] - 8.0
2023-03-19 23:52:53.548 [main] INFO  org.example.Calculator - [POWER - 3.0 RAISED TO] 3.0
2023-03-19 23:52:53.549 [main] INFO  org.example.Calculator - [RESULT - POWER] - 27.0
2023-03-19 23:52:53.549 [main] INFO  org.example.Calculator - [POWER - 4.0 RAISED TO] 3.0
2023-03-19 23:52:53.549 [main] INFO  org.example.Calculator - [RESULT - POWER] - 64.0
2023-03-19 23:52:53.549 [main] INFO  org.example.Calculator - [POWER - 5.0 RAISED TO] 3.0
2023-03-19 23:52:53.549 [main] INFO  org.example.Calculator - [RESULT - POWER] - 125.0
2023-03-19 23:52:53.549 [main] INFO  org.example.Calculator - [DIVIDE] - 5.0, 1.0
2023-03-19 23:52:53.549 [main] INFO  org.example.Calculator - [RESULT - DIVIDE] - 5.0
2023-03-19 23:52:53.550 [main] INFO  org.example.Calculator - [DIVIDE] - 120.0, 12.0
2023-03-19 23:52:53.550 [main] INFO  org.example.Calculator - [RESULT - DIVIDE] - 10.0
2023-03-19 23:52:53.550 [main] INFO  org.example.Calculator - [POWER - 2.0 RAISED TO] 3.0
2023-03-19 23:52:53.550 [main] INFO  org.example.Calculator - [RESULT - POWER] - 8.0
2023-03-19 23:52:53.550 [main] INFO  org.example.Calculator - [POWER - 1.0 RAISED TO] 3.0
2023-03-19 23:52:53.550 [main] INFO  org.example.Calculator - [RESULT - POWER] - 1.0
2023-03-19 23:52:53.550 [main] INFO  org.example.Calculator - [POWER - 3.0 RAISED TO] 4.0
2023-03-19 23:52:53.550 [main] INFO  org.example.Calculator - [RESULT - POWER] - 81.0
2023-03-19 23:52:53.551 [main] INFO  org.example.Calculator - [POWER - 4.0 RAISED TO] 3.0
2023-03-19 23:52:53.551 [main] INFO  org.example.Calculator - [RESULT - POWER] - 64.0
2023-03-19 23:52:53.551 [main] INFO  org.example.Calculator - [POWER - 5.0 RAISED TO] 2.0
2023-03-19 23:52:53.551 [main] INFO  org.example.Calculator - [RESULT - POWER] - 25.0
2023-03-19 23:52:53.551 [main] INFO  org.example.Calculator - [NATURAL LOG] - 2.4
2023-03-19 23:52:53.551 [main] INFO  org.example.Calculator - [RESULT - NATURAL LOG] - 0.38021124171160603
2023-03-19 23:52:53.551 [main] INFO  org.example.Calculator - [NATURAL LOG] - 2.1
2023-03-19 23:52:53.551 [main] INFO  org.example.Calculator - [RESULT - NATURAL LOG] - 0.3222192947339193
2023-03-19 23:52:53.552 [main] INFO  org.example.Calculator - [DIVIDE] - 4.0, 0.0
2023-03-19 23:52:53.552 [main] INFO  org.example.Calculator - [RESULT - DIVIDE] - Infinity
2023-03-21 10:14:46.549 [main] INFO  org.example.Calculator - [SQ ROOT] - 10.0
2023-03-21 10:14:46.551 [main] INFO  org.example.Calculator - [RESULT - SQ ROOT] - 3.1622776601683795
2023-03-22 17:00:22.747 [main] INFO  org.example.Calculator - [FACTORIAL] - -10.0
2023-03-22 17:00:22.749 [main] INFO  org.example.Calculator - [RESULT - FACTORIAL] - NaN
